GENE       CHR      START       STOP  NSNPS  NPARAM    N        ZSTAT            P
118424       1    1189292    1209234      1       1  100      0.43012      0.33355
199990       1    2115899    2144159      1       1  100      -2.2662      0.98828
63976        1    2985565    3355185      1       1  100     -0.39792      0.65466
1953         1    3404506    3528059      1       1  100      0.86728      0.19289
83715        1    6484836    6521004      1       1  100    -0.033615      0.51341
23261        1    6845384    7829766      2       1  100    -0.029652      0.51183
2023         1    8921059    8939151      1       1  100      0.38558       0.3499
378708       1   10489944   10510239      1       1  100      -1.1287      0.87048
100526739    1   10490159   10512060      1       1  100      -1.1287      0.87048
54897        1   10696661   10856733      1       1  100      -0.5607       0.7125
943          1   12123434   12204264      1       1  100      0.43774      0.33079
23254        1   14219646   15444544      1       1  100      0.54167      0.29402
9696         1   17248445   17299474      1       1  100      0.69161      0.24459
84966        1   18434240   18704977      1       1  100      0.19124      0.42417
23065        1   19542158   19578053      1       1  100     -0.36899      0.64393
832          1   19665267   19812066      1       1  100      0.31374      0.37686
127731       1   20617412   20681662      1       1  100      0.14884      0.44084
79570        1   31652592   31712734      1       1  100      -1.7679      0.96146
114784       1   33979609   34631443      1       1  100      0.12293      0.45108
5538         1   40538382   40563142      1       1  100      0.62307      0.26662
22955        1   41492871   41707815      1       1  100      -1.6132      0.94665
59269        1   41972036   42501596      1       1  100      -1.5374      0.93791
55182        1   44870837   45117396      1       1  100       0.5525       0.2903
8569         1   47023079   47069966      1       1  100      -1.6392      0.94942
23358        1   55532032   55681039      1       1  100       0.2884      0.38652
1600         1   57460453   58716211      3       2  100      -1.7131      0.95665
55277        1   59762625   60228402      1       1  100      -1.8677       0.9691
85440        1   62920397   63154039      2       1  100      0.64986      0.25789
84938        1   63249777   63330941      1       1  100      0.94337      0.17275
29929        1   63833261   63904233      1       1  100      -0.1294      0.55148
5236         1   64058947   64125916      1       1  100      -2.2662      0.98828
55225        1   65210778   65298915      2       1  100      0.68982      0.24516
5142         1   66258193   66840262      2       1  100     -0.26242       0.6035
84251        1   66999066   67210768      1       1  100      0.28507       0.3878
200132       1   67217978   67244730      1       1  100      -1.1646      0.87791
57554        1   70033230   70589171      2       1  100    -0.040412      0.51612
204962       1   75667816   76081698      1       1  100      -1.6115      0.94646
4438         1   76262556   76379581      1       1  100      0.26255      0.39645
256435       1   76540389   77100311      2       1  100      0.17589      0.43019
100505741    1   84971902   85022150      1       1  100     -0.74668      0.77237
2959         1   89318321   89357301      1       1  100      -1.6115      0.94646
164045       1   91726323   91870426      1       1  100      0.14211       0.4435
8412         1   94027343   94312706      1       1  100       2.0552      0.01993
126969       1   95285898   95360803      1       1  100      -0.2618      0.60326
148534       1   95582894   95663163      1       1  100       1.4672     0.071157
100527978    1   95583479   95710511      1       1  100       1.4672     0.071157
1806         1   97543299   98386615      1       1  100       1.2096      0.11322
51375        1   99127236   99226056      1       1  100       0.2477      0.40218
178          1  100315633  100389579      1       1  100     -0.84702      0.80151
148867       1  101361632  101552821      1       1  100     -0.59393      0.72372
10451        1  108113782  108507545      2       1  100      -2.6697       0.9962
284612       1  110009100  110024764      1       1  100      0.69728      0.24281
2773         1  110091186  110138465      1       1  100      -1.0023       0.8419
6847         1  115397455  115537991      1       1  100      -1.0272      0.84783
647135       1  143915897  144094426      1       1  100       1.1641      0.12219
6282         1  152004982  152009511      1       1  100    -0.096891      0.53859
3570         1  154377669  154441926      1       1  100     -0.77987      0.78227
50717        1  160185505  160232350      1       1  100     0.049725      0.48017
9722         1  162039581  162339813      1       1  100      0.41455      0.33924
8490         1  163112089  163291581      1       1  100     0.082442      0.46715
223          1  165631449  165667900      1       1  100     -0.30872      0.62123
5451         1  167190066  167396582      1       1  100      -2.5978      0.99531
9019         1  167691187  167761156      1       1  100     -0.83172      0.79722
23432        1  168048780  168106905      1       1  100     -0.78368      0.78339
22920        1  169890461  170043882      1       1  100      0.55617      0.28905
26052        1  171810618  172387606      1       1  100       1.1833      0.11834
92346        1  172389828  172437969      1       1  100     -0.56509        0.714
7292         1  173152870  173176471      1       1  100     -0.26123      0.60304
9910         1  174128552  174964445      1       1  100     -0.77233      0.78004
7143         1  175291935  175712752      1       1  100      -1.2736      0.89861
60676        1  176432307  176814737      1       1  100     -0.44554      0.67204
4688         1  183524697  183560056      1       1  100       0.2477      0.40218
23127        1  183898988  184006904      2       1  100      0.68891      0.24544
6003         1  192605268  192629441      1       1  100         2.17     0.015002
140609       1  198126108  198291550      2       1  100     -0.54605      0.70749
23271        1  200708686  200829832      2       1  100     -0.88929      0.81308
89796        1  201508243  201796102      2       1  100     -0.14633      0.55817
1378         1  207669473  207815110      1       1  100       1.0535      0.14605
149643       1  213003483  213020991      1       1  100      0.12652      0.44966
7399         1  215796236  216596738      1       1  100      -2.3586      0.99083
8476         1  227177566  227506193      1       1  100      0.86231      0.19426
339500       1  227751220  227865144      1       1  100     -0.71237      0.76188
22796        1  230778202  230829731      1       1  100       0.1242      0.45058
183          1  230838269  230850336      1       1  100      0.80199      0.21128
79573        1  231041987  231114618      1       1  100     -0.73334      0.76832
6894         1  234527059  234614863      1       1  100     0.044365      0.48231
9453         1  235491753  235507847      1       1  100       1.3682     0.085628
1131         1  239549876  240078750      1       1  100       0.5098       0.3051
128025       1  241815580  241965435      1       1  100       2.4526    0.0070915
54221        2     946554    1371401      1       1  100      0.23652      0.40651
23040        2    1792885    2335147      1       1  100      -1.8404      0.96715
7260         2    3192741    3381653      1       1  100       1.2845      0.09948
101926982    2    9789437    9805837      1       1  100      0.93952      0.17373
10130        2   10908889   10978103      1       1  100    -0.092395      0.53681
10669        2   27322159   27341995      1       1  100      0.35275      0.36214
238          2   29415640   30144477      1       1  100    -0.051159       0.5204
79623        2   31133331   31361592      1       1  100      0.87815      0.18993
440854       2   31395922   31456724      1       1  100    -0.067088      0.52674
4052         2   33172221   33624576      1       1  100     -0.22089      0.58741
5610         2   37332281   37384190      1       1  100       1.3107     0.094983
6546         2   40339286   40739575      1       1  100     -0.93796      0.82587
10128        2   44113363   44223144      1       1  100      0.60241      0.27345
79823        2   44589043   44999731      2       1  100     -0.90949      0.81845
5581         2   45878454   46415129      1       1  100      0.84599      0.19878
5281         2   46808413   46844251      1       1  100     -0.87745      0.80988
805          2   47387221   47404229      1       1  100      0.77039      0.22053
80204        2   48034059   48133524      1       1  100     -0.93062      0.82397
286749       2   48757064   49003656      1       1  100      -1.3223      0.90697
11036        2   48844937   49003645      1       1  100      -1.3223      0.90697
9378         2   50145643   51259674      1       1  100      -1.0063      0.84287
400954       2   54952149   55199157      1       1  100      -1.9204       0.9726
4528         2   55463756   55496384      1       1  100      0.39158      0.34768
64895        2   60983365   61029221      1       1  100       1.5035      0.06635
130872       2   61404553   61415240      1       1  100     -0.39432      0.65333
51057        2   63348518   63815867      1       1  100        0.464      0.32132
4211         2   66662257   66799891      1       1  100     -0.66473      0.74689
9938         2   68961913   69053965      1       1  100       1.2612      0.10362
307          2   69947946   70053596      1       1  100     -0.57236      0.71646
119          2   70888334   70995375      1       1  100     -0.24134      0.59535
6869         2   75273590   75426645      1       1  100     -0.58143      0.71952
1496         2   79740060   80875993      2       1  100     -0.23263      0.59198
1768         2   84743579   85046713      1       1  100     -0.32821      0.62863
56888        2   85198231   85286595      1       1  100       1.7555      0.03959
83439        2   85360583   85537511      1       1  100     -0.36894      0.64392
375248       2   97778923   97930258      1       1  100     0.046436      0.48148
343990       2   99410309   99552684      1       1  100     -0.28293      0.61139
51455        2  100016938  100106480      1       1  100       1.1087      0.13377
285190       2  108443388  108509000      1       1  100      -1.4629      0.92825
9648         2  109065577  109125854      1       1  100      -1.2842      0.90047
150468       2  113495444  113522254      1       1  100      -1.0095      0.84363
129684       2  124782864  125672954      1       1  100     -0.22825      0.59028
55339        2  128461808  128568761      1       1  100     -0.25575      0.60093
653781       2  131369106  131415610      1       1  100     -0.48585      0.68646
2863         2  133174147  133404169      1       1  100      0.33383      0.36926
344148       2  133429361  134399118      1       1  100     -0.19259      0.57636
4249         2  134877502  135212192      2       1  100       1.0803         0.14
1615         2  136664252  136743254      1       1  100      -1.1228      0.86925
80731        2  137639718  138435287      1       1  100     -0.98838      0.83852
53353        2  140988996  142889270      2       1  100       1.8776     0.030217
79712        2  144702502  145112578      1       1  100       1.3346     0.091003
130576       2  149894981  150071776      2       1  100      -0.6252      0.73408
785          2  152689285  152955593      1       1  100     -0.21396      0.58471
114793       2  153191684  153506348      1       1  100      0.55575      0.28919
29994        2  160175490  160473059      1       1  100       1.3919     0.081975
79809        2  166729872  166810348      1       1  100      0.11249      0.45522
8708         2  168346692  168727366      1       1  100       0.7363      0.23077
253782       2  169312759  169631644      1       1  100     -0.10527      0.54192
10170        2  169921299  169952677      1       1  100     -0.14029      0.55578
4036         2  169983619  170219123      1       1  100      0.62606      0.26564
5163         2  173420101  173490351      1       1  100       1.4369     0.075372
29789        2  174937175  175113365      1       1  100     -0.82181      0.79441
7456         2  175424302  175547667      1       1  100       2.7875    0.0026561
151126       2  180306709  180726232      2       1  100     -0.15102      0.56002
1290         2  189896641  190044668      1       1  100       0.3677      0.35655
56171        2  196602427  196933536      1       1  100     -0.93062      0.82397
5334         2  198669426  199014608      1       1  100    0.0053694      0.49786
26010        2  201170604  201346986      1       1  100     -0.33692      0.63191
65061        2  202655177  202760273      1       1  100      0.55882      0.28814
150864       2  203499901  203634480      1       1  100      0.79824      0.21237
65065        2  203879597  204091101      1       1  100       1.0449      0.14803
117583       2  205410516  206484886      1       1  100      0.53467      0.29644
389072       2  208686012  208890284      1       1  100     -0.71041      0.76128
2066         2  212240442  213403879      2       1  100      0.87278      0.19139
79582        2  214149103  215275225      1       1  100      0.72295      0.23485
402117       2  215276292  215440774      1       1  100      0.65062      0.25765
2335         2  216225177  216300890      2       1  100      0.34534      0.36492
5077         2  223064606  223163715      1       1  100     -0.81422      0.79224
55619        2  225629807  225907330      1       1  100      0.73027      0.23261
57624        2  226264426  226518734      1       1  100     -0.11977      0.54767
1285         2  228029281  228179508      1       1  100       1.5888     0.056058
55022        2  229888689  230136057      1       1  100     -0.45954      0.67708
151473       2  230899690  230933715      1       1  100       1.0145      0.15516
80210        2  232063294  232238606      1       1  100      0.30418       0.3805
55230        2  234384165  234475433      2       1  100       1.1383      0.12749
54576        2  234526291  234681946      1       1  100      0.23592      0.40675
54575        2  234545123  234681951      1       1  100      0.23592      0.40675
54600        2  234580544  234681951      1       1  100      0.23592      0.40675
54577        2  234590584  234681945      1       1  100      0.23592      0.40675
54578        2  234600321  234681951      1       1  100      0.23592      0.40675
54579        2  234621638  234681945      1       1  100      0.23592      0.40675
54657        2  234627438  234681945      1       1  100      0.23592      0.40675
54659        2  234637773  234681945      1       1  100      0.23592      0.40675
10267        2  238768187  238820756      1       1  100     -0.52355       0.6997
8864         2  239152679  239198678      1       1  100       1.4255     0.077012
51281        2  241418839  241500472      1       1  100       1.5632     0.058999
10752        3     238279     451100      1       1  100     -0.66979       0.7485
27255        3    1134342    1445278      1       1  100      0.47876      0.31606
152330       3    2140550    3099645      2       1  100     -0.69885      0.75768
3708         3    4535032    4889524      1       1  100       1.4133     0.078781
9695         3    5229359    5261650      1       1  100    -0.068821      0.52743
2917         3    6902802    7783218      3       2  100     -0.11496      0.54576
51066        3    8661086    8786721      1       1  100      -0.1294      0.55148
9901         3    9022275    9291369      1       1  100    -0.073615      0.52934
491          3   10365707   10733131      1       1  100    -0.024994      0.50997
6538         3   10857917   10980146      1       1  100      0.54564      0.29266
2199         3   13573824   13679922      1       1  100     -0.29627      0.61649
152273       3   14852247   14976072      1       1  100      0.52064      0.30131
339862       3   18004064   18310414      1       1  100       1.6053     0.054218
6304         3   18389133   18480265      1       1  100      -1.2304      0.89073
9975         3   23986751   24022109      1       1  100      0.36395      0.35795
7068         3   24158644   24536772      2       1  100     -0.57189       0.7163
27303        3   29322351   30051886      1       1  100     -0.64186      0.73952
7048         3   30647994   30735634      1       1  100     -0.46785      0.68005
10491        3   33155450   33189265      1       1  100     -0.66911      0.74829
6769         3   36421842   36589499      1       1  100      -1.4901       0.9319
9940         3   38080497   38164228      1       1  100      -0.1485      0.55902
199223       3   39149152   39180394      1       1  100       1.2703        0.102
25924        3   39850405   40301812      1       1  100      0.78733      0.21554
54986        3   41288090   42056080      1       1  100      0.77996      0.21771
285343       3   44379574   44450940      1       1  100      -0.2723      0.60731
23395        3   45430053   45590334      1       1  100     0.088959      0.46456
646498       3   49215069   49229291      1       1  100    0.0021775      0.49913
3697         3   52811602   52826084      1       1  100     0.064643      0.47423
55799        3   54156620   55108584      1       1  100      -2.0421      0.97943
2272         3   59735036   61237133      1       1  100      0.84303      0.19961
5793         3   61547243   62280573      1       1  100       1.8424     0.032708
8618         3   62384021   62861064      2       1  100     0.061842      0.47534
132204       3   63263914   63602597      1       1  100     -0.45995      0.67722
9861         3   63996225   64009686      1       1  100     0.030702      0.48775
56999        3   64501330   64673676      1       1  100      0.61252       0.2701
151647       3   68780915   68981761      1       1  100       1.9458      0.02584
4286         3   69788586   70017488      1       1  100      -1.2826      0.90018
27086        3   71003865   71633140      1       1  100      -0.5396      0.70526
317649       3   71728440   71803924      1       1  100      0.48103      0.31525
6092         3   75955845   77699115      1       1  100      0.61469      0.26938
6091         3   78646388   79817059      1       1  100      0.36721      0.35673
253559       3   85008133   86123579      2       1  100     -0.61258      0.72992
200959       3   97705527   97754148      1       1  100        1.719     0.042807
84319        3   99536678   99897476      1       1  100      0.62879      0.26474
11259        3   99551988   99833349      1       1  100      0.62879      0.26474
55076        3  100211463  100296297      1       1  100       0.8357      0.20166
868          3  105374306  105589354      2       1  100      0.88221      0.18883
285335       3  111859752  112013105      1       1  100      -1.3006       0.9033
26137        3  114033348  114866132      1       1  100     -0.26258      0.60356
2596         3  115342151  115440334      1       1  100       0.4941      0.31062
89876        3  119421869  119485949      1       1  100     0.042712      0.48297
9515         3  120627050  121143608      1       1  100      0.25111      0.40086
8997         3  123813558  124440036      1       1  100      0.61477      0.26935
54946        3  125725200  125820398      2       1  100     -0.35663      0.63932
10840        3  125822404  125900029      1       1  100      -1.0991      0.86415
348807       3  126113751  126155399      1       1  100    -0.022384      0.50893
5361         3  126707437  126756235      1       1  100     -0.21199      0.58394
166348       3  127634075  127706514      1       1  100       1.0672      0.14295
55764        3  129158671  129239350      1       1  100       1.1186      0.13165
79858        3  130745694  131069309      1       1  100     -0.18379      0.57291
131034       3  131252413  131759152      1       1  100      -1.3619      0.91338
84129        3  132276982  132378975      1       1  100      0.46143      0.32224
79876        3  132373290  132397467      1       1  100      0.46143      0.32224
2047         3  134514099  134979309      1       1  100      -1.3127      0.90536
56945        3  139062861  139075888      1       1  100     -0.04449      0.51774
253461       3  141043055  141168634      1       1  100      0.96376      0.16758
344758       3  154055461  154147504      1       1  100     -0.12715      0.55059
23007        3  155197670  155462878      1       1  100      0.46081      0.32247
7881         3  155838337  156256927      1       1  100     -0.17242      0.56845
100505385    3  158787041  159615155      1       1  100     -0.36249      0.64151
29970        3  158991036  159615155      1       1  100     -0.36249      0.64151
57560        3  159974774  160118028      1       1  100     -0.12374      0.54924
10051        3  160117078  160152755      1       1  100      0.69019      0.24504
590          3  165490692  165555260      1       1  100      0.16492      0.43451
7095         3  169684580  169716161      1       1  100         1.19      0.11702
254827       3  174577095  175523428      1       1  100     -0.63524      0.73736
10242        3  178254086  178562217      1       1  100       1.0471      0.14752
27094        3  178957537  178984838      1       1  100     -0.97587      0.83544
51555        3  179512746  179754841      1       1  100     -0.60762      0.72828
54800        3  183353398  183402307      1       1  100     -0.13718      0.55455
9718         3  183967445  184010819      1       1  100       0.5644      0.28624
23355        3  184529925  184770402      1       1  100       1.0254      0.15258
1962         3  184908412  184971886      1       1  100     -0.68232      0.75248
1608         3  185852896  186080023      1       1  100     -0.21182      0.58388
4026         3  187871097  188608460      1       1  100    -0.036634      0.51461
285386       3  188817910  189041271      2       1  100     -0.84562      0.80112
55214        3  189674517  189840226      1       1  100     -0.09516      0.53791
257313       3  190984944  191048325      1       1  100     -0.78912      0.78498
2257         3  191857033  192445388      2       1  100     -0.53296      0.70297
7037         3  195776155  195809032      1       1  100     -0.56509        0.714
9711         3  197398259  197476568      1       1  100      0.40687      0.34205
5158         4     619363     664681      1       1  100     -0.28916      0.61377
9778         4    6784459    6885899      1       1  100    -0.033192      0.51324
57533        4    6911171    7034845      1       1  100      -2.1382      0.98375
57537        4    7194374    7744564      1       1  100     -0.24724      0.59764
101928948    4    9533585    9609872      1       1  100       0.9851      0.16229
85460        4   10441497   10459032      1       1  100      0.23748      0.40614
9364         4   13343863   13485989      1       1  100      0.10875       0.4567
114905       4   15341560   15447791      1       1  100     -0.51052      0.69516
57545        4   15471489   15603594      1       1  100      0.94914      0.17128
9079         4   16503164   16900424      1       1  100    0.0097702       0.4961
10891        4   23793644   24474394      1       1  100     -0.69514      0.75651
5099         4   30721951   31148423      1       1  100      0.26878      0.39405
116984       4   36067620   36245979      1       1  100      -1.1058       0.8656
55286        4   37455552   37595132      1       1  100     -0.61771      0.73162
55728        4   40058524   40159872      1       1  100       1.2545      0.10483
54502        4   40425272   40632958      1       1  100      0.29925      0.38237
2555         4   46246470   46392056      1       1  100     -0.54109      0.70578
2557         4   46920917   46996424      1       1  100     -0.33995      0.63305
10699        4   47596015   47840395      2       1  100      0.60419      0.27286
132299       4   48887405   48908815      1       1  100       2.1503     0.015766
84708        4   54326437   54518653      1       1  100     -0.34818      0.63615
55858        4   56262080   56292342      1       1  100       1.7132     0.043339
3490         4   57897237   57976551      1       1  100      0.11112      0.45576
23284        4   62066949   62938168      2       1  100      -1.3935      0.91826
9508         4   73146686   73434516      1       1  100     -0.68361      0.75289
57619        4   77356253   77704406      1       1  100    -0.036971      0.51475
10563        4   78432907   78532988      1       1  100       1.4732     0.070353
255119       4   81256861   81884910      1       1  100      0.65043      0.25771
79966        4   83550690   83720010      1       1  100      0.29057      0.38569
23001        4   85590690   85887544      1       1  100     -0.60174      0.72632
83478        4   86068860   86923823      2       1  100     -0.90901      0.81833
401145       4   91048684   92523370      1       1  100     -0.66279      0.74627
2895         4   93225453   94695707      1       1  100      0.38066      0.35173
658          4   95679128   96079601      1       1  100       1.2661      0.10274
8633         4   96083655   96470361      1       1  100     -0.16907      0.56713
4790         4  103422486  103538459      1       1  100     -0.73355      0.76839
84570        4  109731877  110223799      1       1  100      0.40526      0.34264
287          4  113739239  114304896      1       1  100       1.2338      0.10864
817          4  114372188  114683669      1       1  100       1.0011      0.15838
9348         4  118955500  119179789      1       1  100    -0.097635      0.53889
401152       4  120217574  120225600      1       1  100       -1.277       0.8992
27152        4  128554087  128637934      1       1  100     -0.91826      0.82076
1998         4  139978871  140098372      1       1  100       2.3149      0.01031
4717         4  140211071  140223705      1       1  100       1.6523     0.049233
6059         4  146019156  146050676      1       1  100     -0.32556      0.62762
4086         4  146402951  146480328      1       1  100      0.13089      0.44793
84068        4  147175137  147443123      1       1  100      -2.1259      0.98324
4306         4  148999915  149365850      1       1  100     -0.21182      0.58388
55294        4  153242410  153456393      1       1  100      0.59627       0.2755
56884        4  162305044  163085186      1       1  100       1.4488     0.073701
11275        4  166128770  166244308      2       1  100      0.12631      0.44974
11199        4  169013688  169108893      1       1  100       1.2641       0.1031
23022        4  169418215  169849608      1       1  100      -1.5302      0.93702
84869        4  169815774  169931468      1       1  100      -1.8304      0.96641
51809        4  174089904  174245118      3       2  100      -1.3449      0.91068
8001         4  175545367  175750465      1       1  100      0.37163      0.35508
285500       4  178363692  178597453      1       1  100     -0.87002      0.80786
55714        4  183065112  183724177      2       1  100      -1.1665      0.87829
56977        4  184826509  184944679      1       1  100     -0.73349      0.76837
133121       4  185009859  185139114      1       1  100     -0.22437      0.58877
8470         4  186506598  186877870      1       1  100      0.26701      0.39473
11076        5     659977     693510      1       1  100      -1.4171      0.92177
54888        5    6599352    6633473      2       1  100       1.7316     0.041673
9037         5    9035138    9546233      2       1  100      -1.4743       0.9298
1501         5   10971952   11904155      1       1  100     -0.80531      0.78968
1767         5   13690437   14011841      3       2  100      -1.2889      0.90128
54463        5   16472922   16617167      1       1  100      -1.5847      0.94348
10409        5   17216932   17276954      1       1  100      -1.0393      0.85066
1016         5   19473140   20575972      4       2  100       -1.648      0.95033
23037        5   31639345   32111038      1       1  100    -0.070788      0.52822
81792        5   33523640   33892319      1       1  100      0.99899       0.1589
153657       5   34839269   34899567      1       1  100        1.055      0.14571
133688       5   35953191   36066639      1       1  100      -0.3987      0.65494
6507         5   36606457   36688436      1       1  100      0.96919      0.16623
730          5   40909599   40983041      1       1  100      0.52193      0.30086
133558       5   40998122   41071444      1       1  100       1.4028     0.080343
345557       5   41307048   41510730      1       1  100     -0.64975      0.74207
348980       5   45255052   45696220      1       1  100       1.2505      0.10555
3672         5   52084136   52249485      1       1  100      0.87593      0.19053
79722        5   55395507   55529186      1       1  100    -0.048832      0.51947
11174        5   64444563   64777704      1       1  100       1.7173     0.042962
373          5   64885507   64920187      1       1  100     0.063732      0.47459
167465       5   71738238   71803249      1       1  100     -0.43621      0.66866
115548       5   72251808   72386349      1       1  100     -0.41976      0.66267
10788        5   75699131   76003957      1       1  100      -1.2616      0.89644
8622         5   76476082   76724081      1       1  100     -0.11865      0.54723
411          5   78073032   78282357      2       1  100     -0.77274      0.78016
202333       5   78985659   79096049      1       1  100      0.50964      0.30515
256987       5   79407050   79551898      1       1  100     -0.61568      0.73095
1404         5   82934017   83016896      1       1  100      0.64935      0.25806
84059        5   89854617   90460254      1       1  100      -1.1156      0.86771
79772        5   94038280   94620279      2       1  100       1.2771      0.10079
64167        5   96211644   96255420      1       1  100       1.4194     0.077896
55781        5   96496571   96519005      1       1  100      0.82622      0.20434
83594        5  102884556  102898493      1       1  100      0.63106        0.264
64839        5  107194734  107718080      1       1  100      0.57355      0.28313
2241         5  108083523  108523373      1       1  100      0.23652      0.40651
9315         5  111065000  111312628      2       1  100      0.48874      0.31251
57556        5  115779251  115910551      2       1  100      0.95942      0.16867
153241       5  122680579  122759286      1       1  100       2.5118    0.0060054
56990        5  130599702  130730383      1       1  100       -2.165       0.9848
51735        5  130759614  130970929      1       1  100      -1.8547      0.96818
100996485    5  134368970  134680370      1       1  100      -1.0062      0.84283
57113        5  135548458  135701164      1       1  100       1.6523     0.049233
26249        5  136953189  137150310      1       1  100     -0.52828      0.70135
9542         5  139226364  139422884      1       1  100     -0.15016      0.55968
54882        5  139781399  139919441      1       1  100       1.2557      0.10461
404734       5  139781399  139929163      1       1  100       1.2557      0.10461
56114        5  140709388  140892546      1       1  100     -0.93078      0.82402
56113        5  140718354  140892546      1       1  100     -0.93078      0.82402
56112        5  140723601  140892546      1       1  100     -0.93078      0.82402
56104        5  140729828  140892546      1       1  100     -0.93078      0.82402
56111        5  140734768  140892546      1       1  100     -0.93078      0.82402
56103        5  140739409  140892546      1       1  100     -0.93078      0.82402
56110        5  140743729  140892546      1       1  100     -0.93078      0.82402
56109        5  140749811  140892546      1       1  100     -0.93078      0.82402
56102        5  140749962  140892546      1       1  100     -0.93078      0.82402
5521         5  145969067  146461083      2       1  100      -1.5196       0.9357
133522       5  149109815  149234585      1       1  100       0.1553      0.43829
5145         5  149237519  149324356      1       1  100       1.4123     0.078932
1436         5  149432854  149492935      1       1  100     0.052879      0.47891
10318        5  150409504  150467221      1       1  100      0.70202      0.24133
27430        5  162930070  162946359      1       1  100      -2.0785      0.98117
57451        5  166406083  167691162      1       1  100      0.59898      0.27459
6586         5  168088738  168728133      3       2  100      -1.1922      0.88342
1794         5  169064251  169510386      1       1  100       1.8511     0.032076
30820        5  169780491  170163636      2       1  100     -0.82861      0.79634
6793         5  171469074  171615346      1       1  100     -0.09752      0.53884
375484       5  175665370  175772992      1       1  100       1.8131     0.034904
64324        5  176560026  176727214      1       1  100      0.57835      0.28151
91522        5  177664617  178017573      3       2  100    -0.082399      0.53284
55770        6     485138     693141      1       1  100      -1.2435      0.89315
8737         6    3064201    3115421      1       1  100      -0.1837      0.57288
81567        6    7881483    7911047      1       1  100      0.47059      0.31897
54898        6   10980992   11044624      1       1  100     0.031773      0.48733
4739         6   11183531   11382581      1       1  100      -1.5851      0.94353
84062        6   15523032   15663289      1       1  100     -0.47557      0.68281
6310         6   16299343   16761721      2       1  100            2      0.02275
54901        6   20534688   21232635      2       1  100     -0.95123      0.82926
7915         6   24495197   24537435      1       1  100     -0.81765      0.79322
8348         6   27861203   27926100      1       1  100      0.33537      0.36867
401250       6   31496739   31498008      1       1  100     -0.54179      0.70602
4439         6   31707725   31730455      1       1  100       1.0429      0.14849
6048         6   32146162   32148570      1       1  100     -0.93075      0.82401
117283       6   33689415   33714762      1       1  100      0.65579      0.25598
2914         6   33989623   34123399      1       1  100       0.9556      0.16964
6882         6   34845555   34855908      1       1  100     -0.84358      0.80055
51645        6   36822605   36842800      1       1  100      0.65106       0.2575
1769         6   38683117   38998574      3       2  100     -0.51039      0.69511
221458       6   39302876   39693181      2       1  100     -0.15018      0.55969
10930        6   41020940   41032630      1       1  100     -0.10351      0.54122
129685       6   42018251   42055093      1       1  100       1.2315      0.10906
2978         6   42123144   42147794      1       1  100      0.29323      0.38468
55809        6   42192669   42419943      1       1  100     -0.65123      0.74255
5754         6   43044006   43129458      1       1  100        1.352     0.088189
4224         6   46761094   46807519      1       1  100      0.45394      0.32494
5314         6   51480145   51952423      1       1  100      -1.4788       0.9304
8521         6   52991759   53013624      1       1  100      0.52931       0.2983
90523        6   53883714   54131078      1       1  100     -0.56509        0.714
54511        6   55299171   55444012      1       1  100      0.71217      0.23818
202559       6   62389865   62996100      1       1  100       1.2209      0.11107
346007       6   64429876   66417118      3       2  100     -0.84155      0.79998
577          6   69345210   70099403      2       1  100      -1.0071      0.84305
56479        6   73331571   73908574      1       1  100      -1.0661      0.85682
101928601    6   78360302   78634476      1       1  100       1.9919     0.023193
55023        6   79644136   79788011      1       1  100     -0.25765      0.60166
4907         6   86159302   86205509      1       1  100     -0.14395      0.55723
8732         6   89319988   89673440      2       1  100     -0.85104      0.80263
9994         6   90539619   90584155      2       1  100      0.53796       0.2953
2045         6   93949738   94129302      1       1  100     -0.44793       0.6729
10973        6  100956325  101329243      1       1  100      -1.3428      0.91033
202          6  106808683  107018335      1       1  100     -0.28339      0.61156
11231        6  108188960  108279482      1       1  100      0.56467      0.28615
285755       6  109711418  109762374      1       1  100      0.21527      0.41478
8528         6  110709545  110736839      1       1  100       1.3928     0.081845
5980         6  111620234  111804421      1       1  100      -1.0023      0.84189
3066         6  114257320  114292359      1       1  100       1.0539      0.14596
221294       6  116421999  116566853      2       1  100     -0.75051      0.77353
221302       6  116956781  116989973      1       1  100       1.9837     0.023642
57515        6  122764493  122793051      1       1  100      0.23116       0.4086
154215       6  124124991  125146786      2       1  100       0.3474      0.36415
51020        6  125596496  125623287      1       1  100      0.65043      0.25771
3908         6  129204286  129837711      1       1  100      -2.3586      0.99083
93663        6  129897290  130031370      1       1  100       1.3598     0.086955
84456        6  130339728  130462594      2       1  100       1.1884      0.11733
5169         6  131958375  132068550      1       1  100      -2.1486      0.98417
6446         6  134490384  134639196      1       1  100      0.11114      0.45575
100507462    6  139046348  139094816      1       1  100       2.8771    0.0020067
85021        6  139225620  139309419      1       1  100     -0.16699      0.56631
167838       6  139561198  139645148      1       1  100      0.22031      0.41282
51534        6  142468372  142542085      1       1  100       1.1668      0.12164
57211        6  142623056  142767403      1       1  100     -0.99134      0.83924
79747        6  146920136  147136598      1       1  100     -0.11445      0.54556
57621        6  151685250  151712677      1       1  100      0.83645      0.20145
55005        6  151725897  151773316      1       1  100     -0.75135      0.77378
23345        6  152442819  152958534      2       1  100      0.47914      0.31592
26230        6  155316488  155578857      1       1  100      -2.1203      0.98301
57492        6  157098980  157531913      1       1  100       1.4315     0.076139
8871         6  158402888  158520208      1       1  100     -0.47474      0.68251
5071         6  161768590  163148834      2       1  100     -0.12006      0.54778
135138       6  163148164  163736524      1       1  100     -0.52219      0.69923
6196         6  166822854  167275948      2       1  100      0.11499      0.45422
1235         6  167525295  167554168      1       1  100     -0.13072        0.552
401285       6  167584081  167596396      1       1  100     -0.37902      0.64766
4301         6  168227602  168372703      1       1  100      0.63303      0.26336
84433        7    2945709    3083579      2       1  100      -2.3541      0.99072
221935       7    3341080    4308632      2       1  100     -0.95302      0.82971
7965         7    6048882    6063465      1       1  100      -1.2736      0.89861
221981       7   11410062   11871824      1       1  100      -0.3987      0.65494
2115         7   13930854   14031050      3       2  100     -0.54552       0.7073
1607         7   14184674   14943281      2       1  100     -0.54061      0.70561
392636       7   15239943   15601640      3       2  100       0.4782      0.31625
729920       7   16127152   16460947      1       1  100     -0.28515      0.61224
8701         7   21582833   21941451      1       1  100      -5.2249            1
9771         7   22157908   22396751      1       1  100       2.9058    0.0018318
9586         7   28338940   28865511      4       2  100       1.3824     0.083431
54504        7   29035247   29225213      1       1  100      -8.1259            1
1124         7   29233991   29553944      1       1  100       1.3531     0.088006
10392        7   30464143   30518426      1       1  100     -0.13464      0.55355
5137         7   31791666   32339016      4       2  100     -0.09972      0.53972
27241        7   33169144   33645680      2       1  100      -1.3888      0.91755
57057        7   35242042   35293711      1       1  100     -0.66279      0.74627
6965         7   38279625   38407656      1       1  100      0.85847      0.19532
273          7   38423297   38671167      1       1  100     -0.38882      0.65129
23072        7   43152198   43603213      1       1  100      0.26257      0.39644
29881        7   44552134   44580914      1       1  100      -0.1117      0.54447
83605        7   45039345   45116069      1       1  100      0.34094      0.36657
64759        7   47314752   47621742      1       1  100      0.69037      0.24498
154664       7   48211057   48687091      2       1  100       1.5387     0.061938
23242        7   51083909   51384515      1       1  100      0.93252      0.17553
55069        7   66386203   66423538      1       1  100      -1.5812      0.94308
26053        7   69063905   70257885      1       1  100     -0.92027      0.82128
64409        7   70597523   71178586      2       1  100       1.1327      0.12867
3092         7   75162619   75368290      1       1  100    -0.097686      0.53891
9863         7   77646374   79083121      1       1  100     -0.20922      0.58286
219578       7   88388753   88966346      2       1  100     -0.90312      0.81677
401387       7   91774169   91808900      1       1  100       1.8424     0.032708
55610        7   92861653   92990435      1       1  100      0.69363      0.24396
1780         7   95401818   95739634      2       1  100     -0.17784      0.57058
222865       7   98444111   98467673      1       1  100      -1.6164      0.94699
56996        7  100450337  100464634      1       1  100      -1.6054       0.9458
1523         7  101459184  101927250      1       1  100      0.82621      0.20434
6733         7  104754048  105039614      1       1  100      0.38197      0.35124
222255       7  105244932  105517046      1       1  100      0.75559      0.22495
222256       7  105517251  105676877      2       1  100     -0.31748      0.62456
10466        7  106842189  107204959      1       1  100       2.0129     0.022062
50640        7  108110866  108168605      1       1  100      0.20852      0.41741
7982         7  116593381  116870077      2       1  100     -0.40758      0.65821
93664        7  121958478  122526813      1       1  100     -0.49141      0.68843
6561         7  122753588  122840025      1       1  100     -0.26869      0.60591
2918         7  126078652  126892428      1       1  100     -0.49125      0.68837
27044        7  127292043  127732659      1       1  100      0.18255      0.42758
91584        7  131808091  132333447      1       1  100      -0.1412      0.55614
60412        7  132937823  133750514      1       1  100      -1.0932      0.86285
84912        7  133974089  134001827      1       1  100      -1.5806      0.94302
9162         7  137074385  137531609      3       2  100      0.35839      0.36002
51631        7  139025105  139108203      1       1  100      -1.8977      0.97113
100996928    7  139025878  139108203      1       1  100      -1.8977      0.97113
673          7  140415749  140624564      1       1  100      -0.4009      0.65575
55503        7  142568956  142583490      1       1  100      0.96097      0.16828
26047        7  145813453  148118090      3       2  100     -0.32895       0.6289
3757         7  150642044  150675402      1       1  100      0.36394      0.35795
57180        7  152456834  152552464      1       1  100       1.6486     0.049614
5799         7  157331750  158380482      3       2  100    -0.023756      0.50948
9228         8     877021    1656642      3       2  100      0.99242       0.1605
64478        8    2792875    4852328      5       3  100     -0.42351      0.66404
79648        8    6264113    6501140      1       1  100      0.90759      0.18205
2626         8   11534433   11617510      1       1  100      0.43143      0.33308
57604        8   12803183   12887286      1       1  100        2.572    0.0050557
137868       8   13947373   15095792      2       1  100      -1.1798      0.88095
6542         8   17354597   17428077      1       1  100      -1.8547      0.96818
57509        8   17501303   17658729      1       1  100      -1.4986      0.93302
63898        8   19171081   19253729      1       1  100     -0.35523      0.63879
11178        8   20103676   20161492      1       1  100       1.2483      0.10597
157310       8   22570765   22785491      1       1  100        1.119      0.13157
4017         8   23154410   23261722      1       1  100      0.55575      0.28919
23087        8   27142404   27168834      1       1  100      0.81157      0.20852
2185         8   27168999   27316908      1       1  100     -0.43894      0.66965
55246        8   27590833   27630170      1       1  100      -0.1598      0.56348
7976         8   28351722   28431785      1       1  100      0.17875      0.42907
79618        8   28747911   28922456      1       1  100      -1.0643      0.85641
11030        8   30242017   30429778      1       1  100     -0.56645      0.71446
3084         8   31496820   32622558      2       1  100        1.472     0.070506
51125        8   41348081   41368499      1       1  100     -0.57734      0.71815
23514        8   48173489   48648563      2       1  100       1.1087      0.13379
54212        8   50822349   51706171      1       1  100      -1.5157       0.9352
137902       8   52232137   52722005      1       1  100      0.20852      0.41741
9705         8   53023392   53322439      1       1  100     -0.41966      0.66263
64321        8   55370495   55373456      1       1  100       1.0019      0.15821
114786       8   56015017   56438714      1       1  100     -0.70188      0.75862
137695       8   56651317   56685955      1       1  100     0.097824      0.46104
9760         8   59717977   60031767      1       1  100       1.4532     0.073089
9650         8   66556888   66622798      1       1  100      -1.6031      0.94554
57094        8   68334405   68658620      1       1  100       1.0756      0.14106
23213        8   70378859   70573147      2       1  100      0.27584      0.39133
2138         8   72109668   72459888      1       1  100     -0.33962      0.63293
56704        8   75146935   75233721      1       1  100      -1.0955      0.86334
138046       8   85095453   85834079      2       1  100    -0.067714      0.52699
168975       8   87878676   88394955      1       1  100     -0.10404      0.54143
91147        8   94767072   94831462      1       1  100     -0.34834      0.63621
286148       8   95732103   95806076      1       1  100    -0.072084      0.52873
9791         8   97274167   97346774      1       1  100       1.3326     0.091323
6383         8   97505579   97624037      1       1  100     -0.74684      0.77242
26166        8  100973164  101118344      1       1  100      -0.7919      0.78579
169166       8  101585110  101661893      1       1  100    -0.043047      0.51717
51366        8  103264501  103424947      1       1  100     -0.76182      0.77692
79870        8  104152921  104242533      1       1  100       1.2028      0.11453
93035        8  110374706  110543500      1       1  100      0.35848      0.35999
114788       8  113235157  114449242      2       1  100      0.23369      0.40761
8667         8  117657055  117768258      1       1  100     0.024609      0.49018
401474       8  119201694  119634184      1       1  100      0.11241      0.45525
10584        8  119964527  120119207      1       1  100      0.57612      0.28227
64798        8  120885900  121063157      2       1  100      -0.3406       0.6333
312          8  124693034  124749647      1       1  100    -0.021413      0.50854
9897         8  126036502  126104061      1       1  100     -0.18507      0.57341
114          8  131792546  132053012      1       1  100      0.11347      0.45483
3786         8  133133105  133493004      1       1  100       1.0263      0.15237
57623        8  135490031  135725292      2       1  100       1.0963      0.13648
51059        8  139142266  139509065      1       1  100      -2.0785      0.98117
169044       8  139600478  139926236      1       1  100     -0.22951      0.59076
83696        8  140740324  141468678      2       1  100     -0.27864      0.60974
2765         8  143916217  143928262      1       1  100     -0.23679      0.59359
23144        8  144519825  144624449      1       1  100     -0.77189      0.77991
81704        9     214865     465259      1       1  100       1.8229     0.034161
23189        9     470294     746106      1       1  100      0.54034      0.29448
9933         9    2804152    2844130      1       1  100      0.37896      0.35236
169792       9    3824128    4300036      1       1  100     -0.21741      0.58606
6505         9    4490427    4587469      1       1  100      0.36738      0.35667
3717         9    4985245    5129948      1       1  100      0.95169      0.17063
158358       9    5919008    6008479      1       1  100     0.075393      0.46995
23081        9    6720863    7175648      1       1  100     -0.66836      0.74805
5789         9    8314246   10612723      5       3  100     0.064776      0.47418
4781         9   14081842   14398982      2       1  100       0.8599      0.19492
158326       9   14734664   14910993      1       1  100       1.3339     0.091126
54796        9   16409501   16870786      1       1  100       -1.443      0.92549
54875        9   17134989   17503921      1       1  100      0.15571      0.43813
92949        9   18474079   18910948      1       1  100      -2.1055      0.98238
54801        9   19053135   19102940      1       1  100      -1.2595      0.89607
25769        9   19507450   19789059      1       1  100     -0.66637      0.74741
1993         9   23690097   23826342      1       1  100       1.6363     0.050888
7010         9   27109147   27230172      3       2  100      -1.7314      0.95831
158038       9   27948084   29212998      2       1  100      0.53522      0.29625
48           9   32384601   32450834      1       1  100     -0.69294      0.75582
54840        9   32972604   33001639      1       1  100      0.35707      0.36052
55234        9   33041850   33076714      1       1  100      0.49595      0.30996
23349        9   34957484   34982541      1       1  100       1.0902      0.13782
64425        9   37485945   37503694      1       1  100      0.18877      0.42513
22844        9   37651052   37746901      1       1  100       2.3433    0.0095574
9414         9   71714875   71870124      1       1  100      -2.1693      0.98497
80036        9   73143979   74061782      1       1  100      0.54978      0.29123
140803       9   77337411   77503010      1       1  100     -0.56514      0.71401
5125         9   78505560   78977255      1       1  100      -2.4576      0.99301
158471       9   79226292   79521136      2       1  100      0.22123      0.41246
23230        9   79792269   80032399      1       1  100      0.13896      0.44474
4915         9   87283417   87641985      1       1  100     -0.98029      0.83653
401535       9   89763559   89774641      1       1  100       -5.373            1
1612         9   90112601   90323566      1       1  100      0.29917      0.38241
101929748    9   95567667   95570649      1       1  100     -0.72327      0.76524
83744        9   95607313   95640320      1       1  100        1.686     0.045899
65268        9   95946437   96082854      1       1  100      0.15353      0.43899
195828       9   99148223   99180669      1       1  100     -0.17259      0.56851
22927        9   99212414   99253618      1       1  100      0.78864      0.21516
55357        9  100961280  101018003      1       1  100      0.82655      0.20425
9568         9  101050364  101471479      1       1  100      0.57047      0.28418
1306         9  101705995  101833074      1       1  100      -1.0623      0.85596
116443       9  104331634  104500862      2       1  100      -1.6361      0.94909
55335        9  107526022  107540045      1       1  100       1.7485     0.040192
23446        9  108006906  108200785      1       1  100     -0.57556      0.71754
9314         9  110247133  110252047      1       1  100      0.52064      0.30131
8518         9  111629800  111696608      1       1  100      0.11114      0.45575
23731        9  111777415  111882225      1       1  100     -0.37903      0.64767
445815       9  112542577  112934792      1       1  100     0.083384      0.46677
11217        9  112810878  112934792      1       1  100     0.083384      0.46677
4593         9  113430935  113566386      1       1  100       0.2884      0.38652
1902         9  113635542  113801523      1       1  100     -0.25332      0.59999
9991         9  114979995  115095944      1       1  100     -0.16814      0.56676
25861        9  117164360  117267789      1       1  100       1.5171     0.064618
23245        9  119187504  120177317      2       1  100      0.30777      0.37913
1620         9  121928907  122131739      1       1  100     -0.43324      0.66758
26130        9  128024073  128127290      1       1  100      0.59935      0.27447
79109        9  128199673  128469513      1       1  100      -1.4683      0.92899
4010         9  129376722  129463311      1       1  100    -0.066583      0.52654
84253        9  129986750  130155828      1       1  100        1.078      0.14052
25792        9  130928344  130966662      1       1  100     0.078929      0.46854
254295       9  131683174  131704322      1       1  100       1.2593      0.10396
59335        9  133539981  133558384      1       1  100      0.83816      0.20097
25           9  133588266  133763062      1       1  100      -1.4597      0.92781
10771       10     180405     300577      1       1  100      -1.1892      0.88281
10276       10    5454514    5501019      1       1  100      -0.6666      0.74749
54906       10    5726801    5807742      1       1  100      -1.3062      0.90426
3601        10    5994334    6020150      1       1  100     -0.56514      0.71401
5209        10    6186843    6277508      2       1  100     -0.38613       0.6503
5588        10    6435558    6622254      1       1  100      0.23286      0.40793
10659       10   10838851   11378674      1       1  100      0.61513      0.26923
5264        10   13319796   13342133      1       1  100      -1.4171      0.92177
55691       10   13685706   14372866      1       1  100      -1.2654      0.89714
79723       10   14920782   14946314      1       1  100       1.6644     0.048012
221061      10   15253642   15413058      1       1  100      -2.1107       0.9826
84898       10   20105118   20575199      1       1  100    -0.022342      0.50891
10529       10   21068900   21463116      1       1  100      0.01248      0.49502
56243       10   23983675   24836772      2       1  100       0.8517      0.19719
54518       10   26727253   26856732      1       1  100       1.0275       0.1521
79741       10   32735057   33171805      1       1  100     -0.47557      0.68281
7582        10   43084532   43134016      1       1  100       0.7613      0.22324
3185        10   43881065   43904696      1       1  100     -0.54423      0.70686
143162      10   49364602   49482941      1       1  100     -0.87781      0.80998
57705       10   49892907   50191001      1       1  100     0.094265      0.46245
474354      10   50117528   50147980      1       1  100     0.094265      0.46245
29974       10   52559169   52645435      1       1  100     0.073283      0.47079
5592        10   52750911   54058110      4       2  100       1.2002      0.11502
22943       10   54074041   54077417      1       1  100     -0.22749      0.58998
22891       10   64133916   64431771      2       1  100      -1.2552      0.89529
29119       10   67672276   69455949      2       1  100      -1.6384      0.94934
347731      10   68685792   68861309      1       1  100     -0.84702      0.80151
23555       10   71176821   71271569      2       1  100     -0.81051      0.79118
27143       10   72238564   72328206      1       1  100     -0.80417      0.78935
3778        10   78629359   79397577      1       1  100      0.19088      0.42431
2894        10   87359312   88126250      1       1  100       1.0259      0.15248
27063       10   92671857   92681032      1       1  100      0.62606      0.26564
51196       10   95753746   96088149      1       1  100     0.017223      0.49313
7093        10   98124363   98273683      2       1  100      0.66646      0.25256
57089       10  101419263  101471002      1       1  100       0.1874      0.42568
1355        10  101455886  101492423      1       1  100       0.1874      0.42568
403         10  104433484  104474190      1       1  100      -1.8556      0.96824
54838       10  104503727  104576022      1       1  100     -0.58143      0.71952
119391      10  106028174  106059176      1       1  100     -0.91055      0.81873
22986       10  106400859  107024993      2       1  100      -1.5688      0.94165
282996      10  112404155  112599227      2       1  100   -0.0057042      0.50228
6934        10  114709978  114927437      2       1  100     -0.40589      0.65759
3026        10  115310590  115349361      1       1  100      0.90376      0.18306
2674        10  117816436  118033126      2       1  100      0.33209      0.36991
2869        10  120967197  121215131      1       1  100        1.307     0.095604
10579       10  123748689  124014057      1       1  100       -1.667      0.95224
1488        10  126676418  126849624      1       1  100       1.1272      0.12982
8038        10  127700960  128077127      1       1  100       1.0331      0.15077
1793        10  128768965  129250780      1       1  100      -1.3589      0.91292
4255        10  131265454  131565783      2       1  100      0.56229      0.28696
3632        10  134351283  134596984      2       1  100     0.017007      0.49322
3784        11    2466221    2870340      2       1  100      0.64979      0.25791
85363       11    5676740    5706339      1       1  100      -2.0497       0.9798
322         11    6416355    6440644      1       1  100     0.076436      0.46954
7275        11    8040742    8127654      1       1  100     -0.99126      0.83922
374383      11   17373279   17398868      1       1  100     -0.76495      0.77785
3746        11   17757495   17804602      1       1  100       1.3346     0.091003
283284      11   18725852   18747777      1       1  100     -0.35834      0.63996
89797       11   19372271   20143147      2       1  100      -0.1077      0.54288
63982       11   26210458   26684836      1       1  100       1.9001     0.028712
159963      11   26688566   26743574      1       1  100      0.55076       0.2909
91057       11   27360061   27384795      1       1  100     -0.34126      0.63355
966         11   33724556   33758025      1       1  100      -1.9009      0.97134
6506        11   35272752   35441610      1       1  100       2.3481    0.0094357
143458      11   35965537   36253688      1       1  100      0.34108      0.36652
79899       11   36317725   36486754      1       1  100       1.3607      0.08681
57689       11   40135524   41481186      1       1  100      0.64892       0.2582
56981       11   45115564   45256675      2       1  100      -0.6396      0.73878
51317       11   45950870   46142985      1       1  100     -0.47024      0.68091
1500        11   57520756   57586652      1       1  100     -0.53801      0.70472
220001      11   61025758   61062788      1       1  100      0.50272      0.30758
9379        11   64373646   64490660      1       1  100      0.67774      0.24897
26005       11   73723759   73882064      1       1  100       2.3695    0.0089064
283209      11   74041361   74109502      1       1  100      -0.3016      0.61852
4135        11   75297959   75379479      1       1  100      -2.2879      0.98893
5058        11   77033060   77185108      1       1  100      0.83645      0.20145
26011       11   78364328   79152014      1       1  100       1.4965     0.067262
1740        11   83166055   85338314      1       1  100       2.1492     0.015809
54843       11   85405264   85522197      1       1  100    -0.036814      0.51468
10873       11   86152150   86383678      1       1  100      0.30875      0.37876
65084       11   86748886   87039876      1       1  100      -0.1294      0.55148
120114      11   92047446   92629636      1       1  100     -0.54126      0.70584
79101       11   93463368   93474703      1       1  100       1.1881       0.1174
4361        11   94150466   94227040      1       1  100       1.2916     0.098252
8898        11   95566044   95657371      1       1  100      0.96266      0.16786
53942       11   98891706  100229616      1       1  100       1.9842     0.023614
143872      11  100558407  100861656      1       1  100      0.59887      0.27463
79659       11  102980160  103350591      1       1  100       1.3365     0.090689
2230        11  110300661  110335608      1       1  100      0.88119      0.18911
4684        11  112831969  113149158      1       1  100      -1.8436      0.96738
23621       11  117156402  117186972      1       1  100      -1.3113      0.90513
4162        11  119179234  119189087      1       1  100     -0.69761      0.75729
57476       11  123325191  123498478      2       1  100      -1.0931      0.86283
80071       11  124824017  124911385      1       1  100     -0.56514      0.71401
1111        11  125495031  125546150      1       1  100    -0.013543       0.5054
79607       11  126081619  126132879      1       1  100       1.1129      0.13287
84623       11  126293388  126870766      1       1  100      -1.3658        0.914
8538        11  129245879  129322174      1       1  100       1.3205     0.093334
50863       11  131240371  132206716      2       1  100      0.30529      0.38007
4978        11  132284875  133402403      2       1  100     -0.75994      0.77635
112936      11  134094561  134117686      1       1  100      0.25843      0.39804
27034       11  134123428  134135749      1       1  100    -0.041027      0.51636
4815        12     673462     772755      1       1  100     -0.41567      0.66118
4908        12    5541280    5604465      1       1  100      0.37956      0.35214
57101       12    5671817    6055398      1       1  100      -1.0965      0.86358
3820        12    9747870    9760497      1       1  100      -2.3586      0.99083
969         12    9905082    9913497      1       1  100      -1.0142      0.84474
55359       12   10771538   10826917      1       1  100      -1.2117      0.88718
8531        12   10851676   10876047      1       1  100     -0.17189      0.56824
83445       12   13236471   13256659      1       1  100      -1.0844      0.86091
2904        12   13713684   14133022      2       1  100     -0.18723      0.57426
54477       12   19282626   19529334      1       1  100       2.5424    0.0055052
28234       12   20963638   21070019      1       1  100       -1.277       0.8992
10599       12   21284128   21392730      1       1  100      -1.4171      0.92177
6660        12   23682438   24715383      2       1  100     -0.86809      0.80733
3709        12   26488285   26986131      1       1  100     -0.55092      0.70915
636         12   32259713   32536567      1       1  100      0.20532      0.41866
283461      12   40019972   40115716      1       1  100     -0.09752      0.53884
1272        12   41086244   41466214      1       1  100     -0.74539      0.77198
29951       12   41582250   41968392      1       1  100      -1.6115      0.94646
10138       12   42550906   42632154      1       1  100     -0.23383      0.59244
51535       12   42719947   42842422      1       1  100      -1.2391      0.89234
79657       12   48055715   48099844      1       1  100     -0.26392      0.60408
84790       12   49621715   49667117      1       1  100      -1.2092      0.88671
65244       12   49760688   49921208      1       1  100     -0.44419      0.67155
5916        12   53604350   53626040      1       1  100      0.18844      0.42527
25946       12   54762913   54785083      1       1  100      -1.2047      0.88584
5153        12   54943177   54973023      2       1  100     -0.12421      0.54943
9840        12   55342087   55378965      1       1  100      0.81378      0.20789
8608        12   57345215   57353158      1       1  100    -0.096801      0.53856
23426       12   66741178   67463014      1       1  100      0.55836       0.2883
55832       12   67663061   67708388      1       1  100     -0.88691      0.81244
5801        12   71031853   71314584      1       1  100      -1.1228      0.86925
29953       12   72666314   73059422      1       1  100      -1.7388      0.95897
114882      12   76745577   76953589      3       2  100      -1.2283      0.89034
374462      12   80838126   81073968      1       1  100      0.15263      0.43935
84190       12   82752276   82873018      1       1  100      -2.2605      0.98811
25834       12   86373037   87232681      2       1  100      -0.3687      0.64382
256021      12   92378752   92536447      1       1  100     -0.18379      0.57291
694         12   92534054   92539673      1       1  100     -0.18379      0.57291
10154       12   94542499   94701451      1       1  100      0.51092       0.3047
59277       12   96051583   96184565      2       1  100      0.39967       0.3447
56899       12   99128569  100378512      3       2  100     0.048309      0.48074
3479        12  102789645  102875563      1       1  100      -2.1876      0.98565
50515       12  104850692  105155792      3       2  100     -0.81671      0.79295
5992        12  106976685  107156582      1       1  100      0.95352      0.17016
55188       12  107168077  107283094      1       1  100      0.49915      0.30884
121551      12  107712197  108053419      2       1  100    -0.082629      0.53293
83892       12  109886460  109915165      1       1  100     -0.18379      0.57291
23316       12  111471828  111788358      2       1  100      0.33335      0.36943
283455      12  117890817  118406399      2       1  100     -0.54814       0.7082
57605       12  123468027  123635376      1       1  100      0.87839      0.18987
196385      12  124246786  124420267      1       1  100     -0.67034      0.74868
114795      12  125811162  126146915      1       1  100     0.019566      0.49219
92293       12  128751948  129192460      1       1  100      0.74937      0.22682
51761       13   25946209   26599989      2       1  100     -0.46632      0.67951
255967      13   28710997   28869475      1       1  100      -1.5192      0.93565
2321        13   28874483   29069265      1       1  100       -1.568      0.94156
145173      13   31774112   31906413      1       1  100        0.653      0.25688
90627       13   33677272   34250932      1       1  100       0.9545      0.16992
26960       13   35516424   36246874      1       1  100       0.1874      0.42568
100526761   13   36742345   36871992      1       1  100      0.99867      0.15898
728591      13   36801179   36871992      1       1  100      0.99867      0.15898
7223        13   38210773   38443939      1       1  100       0.6132      0.26987
10186       13   39917029   40177356      1       1  100      -1.3791      0.91606
2308        13   41129801   41240734      1       1  100      -1.4807      0.93065
11193       13   41634973   41658142      1       1  100      0.46295       0.3217
23078       13   42140961   42535221      1       1  100      0.41455      0.33924
160857      13   44410488   44453826      1       1  100       1.4146     0.078599
8848        13   45006279   45150701      1       1  100     -0.73049      0.76745
283514      13   46354405   46425846      1       1  100      0.36617      0.35712
5925        13   48877883   49056026      2       1  100    -0.025213      0.51006
1102        13   49063099   49107341      1       1  100      -1.2951      0.90236
81602       13   49822047   49867622      1       1  100      -2.2662      0.98828
10206       13   50571143   50592603      1       1  100       -1.372      0.91497
115825      13   52158484   52340935      2       1  100       -2.195      0.98592
79758       13   52330614   52379667      1       1  100      0.11242      0.45525
23077       13   77618792   77901177      2       1  100     -0.77002      0.77936
2262        13   92050935   93519490      1       1  100      0.66598      0.25271
10082       13   93879078   95060274      2       1  100       2.8579    0.0021323
1638        13   95091835   95131936      1       1  100       1.1397      0.12721
5611        13   96329393   96447243      1       1  100      -1.2023      0.88538
55757       13   96453834   96705736      1       1  100     -0.11381      0.54531
259232      13  101706130  102068813      1       1  100      0.91135      0.18106
9358        13  102104944  102373207      1       1  100      -1.1079      0.86604
728215      13  107820879  108519460      1       1  100       1.2216      0.11093
23263       13  113548692  113754053      1       1  100       1.0966      0.13641
79774       13  113978505  114018463      1       1  100       0.2477      0.40218
122651      14   21051051   21078037      1       1  100      0.12161       0.4516
3183        14   21677295   21737638      1       1  100     0.080814       0.4678
6955        14   22090057   23021075      1       1  100       2.4814    0.0065435
4624        14   23849942   23878836      1       1  100    -0.097705      0.53892
5587        14   30045685   30396899      1       1  100      0.55985      0.28779
29966       14   31362985   31495607      1       1  100     -0.64186      0.73952
80224       14   32030591   32330430      1       1  100       2.0803     0.018748
9472        14   32798479   33302268      1       1  100       0.4443      0.32841
64067       14   33404115   34273382      2       1  100      0.74591      0.22786
254170      14   39865577   39901704      1       1  100       1.5552     0.059947
23116       14   45431416   45543634      1       1  100     0.030702      0.48775
161357      14   47308826   48144157      1       1  100     -0.22961       0.5908
9147        14   50250528   50319763      1       1  100      0.87652      0.19037
51199       14   51186481   51297839      1       1  100      0.34239      0.36603
341880      14   58030640   58332592      2       1  100       1.1317      0.12888
317761      14   60902674   60952764      1       1  100      -1.7575      0.96059
4331        14   61201459   61435398      1       1  100       0.5815      0.28045
5583        14   61788515   62017698      1       1  100      -0.2447      0.59666
27133       14   63173291   63511956      1       1  100       1.7945     0.036366
2100        14   64693751   64805268      1       1  100      -1.0955      0.86336
6710        14   65213001   65346604      1       1  100      -2.0362      0.97913
10243       14   66974125   67648525      1       1  100      0.30301      0.38094
5890        14   68286496   69149889      1       1  100      -1.7833      0.96274
4293        14   71189243   71275912      1       1  100     0.012512      0.49501
80127       14   74486054   74532795      1       1  100      0.59467      0.27603
8892        14   75469612   75476294      1       1  100     -0.72695      0.76637
9369        14   78636716   80334633      1       1  100     -0.37619      0.64661
7253        14   81421333   81612646      1       1  100      0.96739      0.16668
161436      14   89079241   89259096      1       1  100      -1.1496      0.87485
5700        14   90722894   90738969      1       1  100       1.4948     0.067481
55051       14   90744398   90798481      1       1  100    -0.010851      0.50433
8111        14   91698876   91730898      1       1  100       1.3073     0.095557
440193      14   91737667   91884188      1       1  100      0.66551      0.25286
161176      14   95883831   95983000      1       1  100      0.63763      0.26186
9895        14  102829300  102968818      1       1  100     -0.13414      0.55335
23191       15   22892667   23003603      1       1  100       1.6929     0.045233
2567        15   27216429   27778373      1       1  100      -0.3526      0.63781
7082        15   29992338   30261038      1       1  100      -1.2745      0.89875
161725      15   31773884   32162875      1       1  100      -1.8951      0.97096
1139        15   32322686   32462384      2       1  100      -1.7643      0.96116
6263        15   33603177   34158304      3       2  100        1.703     0.044282
23015       15   34671269   34729667      1       1  100      0.59134      0.27715
84529       15   36871812   37102449      1       1  100    -0.049919      0.51991
11245       15   40091223   40213093      1       1  100       1.5094     0.065603
55142       15   42841011   42862192      1       1  100    -0.071609      0.52854
22995       15   49030135   49104092      1       1  100      -1.7686      0.96152
2553        15   50569389   50647605      1       1  100       1.4407     0.074832
23312       15   51739921   51915030      1       1  100      0.77827       0.2182
55930       15   52484515   52587995      1       1  100     -0.76509      0.77789
256764      15   53805938   54055075      1       1  100     -0.44886      0.67323
5873        15   55495164   55582034      1       1  100      0.91574       0.1799
9236        15   55647421   55700708      1       1  100      0.93952      0.17373
6938        15   57210833   57580716      2       1  100      -1.1021      0.86478
100820829   15   57884102   57977562      1       1  100    -0.044008      0.51755
145781      15   57884102   58009755      1       1  100    -0.044008      0.51755
6095        15   60780483   61521502      1       1  100     -0.57016      0.71571
9325        15   64680003   64747502      1       1  100     0.048207      0.48078
23060       15   64791619   64978267      1       1  100       1.0641      0.14365
123228      15   72406599   72433311      1       1  100     0.041339      0.48351
5780        15   75759462   75871625      2       1  100      -0.5481      0.70819
5955        15   77223962   77242601      1       1  100    -0.067485       0.5269
79834       15   77400498   77712446      1       1  100     -0.71434      0.76249
10363       15   77713018   77777945      1       1  100     -0.43909       0.6697
79631       15   82422561   82555104      1       1  100      0.83225      0.20263
6457        15   84116091   84287495      1       1  100        1.832     0.033476
57188       15   84322838   84708594      2       1  100      -2.0953      0.98193
123624      15   86623137   87572283      3       2  100      -1.2507      0.89448
9899        15   91642996   91844539      1       1  100     -0.65398      0.74344
28232       15   92396938   92715665      1       1  100     -0.52655      0.70075
1106        15   93442286   93571237      1       1  100     0.076436      0.46954
145814      15   99511459   99551024      1       1  100      0.06042      0.47591
64927       15   99676528   99791431      1       1  100      0.72427      0.23445
8312        16     337440     405244      1       1  100      -0.3624      0.64147
64718       16    1413206    1464750      1       1  100      0.91779      0.17936
197350      16    3194016    3199961      1       1  100     -0.99249      0.83952
84662       16    4366240    4389598      1       1  100     -0.64396       0.7402
54715       16    5289469    7763342      2       1  100     -0.63262      0.73651
18          16    8768444    8878432      1       1  100     -0.46889      0.68043
29035       16    9185537    9213555      1       1  100       1.9257     0.027071
2013        16   10622279   10674539      1       1  100     -0.62369      0.73358
28955       16   11022748   11036257      1       1  100      -1.5374      0.93791
729993      16   12995477   13334273      1       1  100     -0.30448      0.61962
9284        16   15027316   15045931      1       1  100     -0.64775      0.74143
100288332   16   15457481   15475344      1       1  100      0.28109      0.38932
54820       16   15737124   15820210      1       1  100       1.8497     0.032176
124152      16   19727778   19869087      1       1  100      -1.0274      0.84789
9951        16   25703347   26149009      1       1  100       1.2166      0.11188
146395      16   27798850   28074830      2       1  100     -0.46662      0.67961
123970      16   49407808   49433321      1       1  100      0.33648      0.36826
23090       16   49524515   49891830      1       1  100       -1.291      0.90165
85407       16   50582241   50674771      1       1  100       1.6523     0.049233
27324       16   52471682   52581714      1       1  100      0.82469      0.20477
80205       16   53088905   53361414      1       1  100     -0.44541      0.67199
267         16   56395364   56459450      1       1  100      0.55184      0.29053
89970       16   57220026   57274385      1       1  100      0.11477      0.45431
1009        16   64916794   65160015      1       1  100       2.2384     0.012597
11060       16   69796187   69975644      2       1  100      -1.1329      0.87137
85445       16   76311176   76593135      1       1  100     -0.70963      0.76103
170692      16   77316025   77469011      1       1  100      0.20127      0.42024
51741       16   78133310   79246567      4       2  100       2.6175    0.0044289
80790       16   81478775   81745367      2       1  100      0.92725       0.1769
5336        16   81812899   81996290      1       1  100     -0.83671      0.79862
3294        16   82068842   82132139      1       1  100      0.67322       0.2504
1012        16   82660399   83830215      2       1  100      0.51564      0.30305
55625       16   85008066   85045141      1       1  100       2.5942    0.0047403
23199       16   85203152   85709812      2       1  100        1.102      0.13523
54758       16   87730239   87799603      1       1  100     -0.97762      0.83587
9501        17      62180     202633      1       1  100      0.84241      0.19978
29          17     906758    1090616      1       1  100      0.71426      0.23753
79066       17    2319343    2415200      1       1  100      -1.4842      0.93112
50488       17    4736635    4801356      1       1  100      0.31626       0.3759
56919       17    5344232    5372380      1       1  100       0.7721      0.22003
9744        17    7239848    7254797      1       1  100     -0.44433       0.6716
9423        17    8924859    9147317      1       1  100     -0.57745      0.71818
9482        17    9153788    9479275      3       2  100      -1.5303      0.93703
8522        17    9813926   10101868      1       1  100      0.76058      0.22345
1770        17   11501748   11873065      2       1  100      0.89938      0.18423
224         17   19552064   19580908      1       1  100       2.3559    0.0092396
339184      17   20766708   20799453      1       1  100     -0.53219       0.7027
55731       17   27082996   27169857      1       1  100     -0.52966      0.70182
642         17   28575213   28619184      1       1  100      0.25291      0.40017
4763        17   29421945   29704695      1       1  100     -0.45137      0.67414
2124        17   29629888   29641130      1       1  100     -0.45137      0.67414
84440       17   29718642   29865232      1       1  100     -0.89162       0.8137
162494      17   30593195   30651680      1       1  100      0.72653      0.23376
5717        17   30771481   30810337      1       1  100      0.70145      0.24151
40          17   31340105   32483825      2       1  100       1.2142      0.11233
163         17   33913918   34053436      1       1  100      0.50272      0.30758
6352        17   34198495   34207377      1       1  100     -0.17479      0.56938
26574       17   35306175   35414171      1       1  100      -1.8499      0.96784
3728        17   39910859   39942964      1       1  100      0.93958      0.17372
4137        17   43971702   44105700      1       1  100    -0.062189      0.52479
3690        17   45331208   45390077      1       1  100      -0.6603      0.74547
8631        17   46210802   46507596      1       1  100      0.78206      0.21709
22843       17   56833230   57062540      1       1  100     -0.14519      0.55772
10238       17   61627796   61671641      1       1  100     -0.51511      0.69676
26207       17   65373397   65693379      1       1  100     -0.44698      0.67256
388419      17   72352555   72357958      1       1  100      -1.0738      0.85853
100131439   17   72576111   72588370      1       1  100     -0.52712      0.70094
146723      17   72581057   72590348      1       1  100     -0.52712      0.70094
283987      17   72946837   72968900      1       1  100       1.6688     0.047575
23265       17   74077086   74099868      1       1  100      -1.0411      0.85109
9489        17   76374705   76420740      1       1  100       1.1817      0.11867
57521       17   78518625   78940173      2       1  100     -0.10498       0.5418
9229        18    3496030    4455310      1       1  100      0.58122      0.28055
284217      18    6941743    7117813      1       1  100      -1.5433      0.93862
5797        18    7567314    8406859      1       1  100       1.5193     0.064349
23255       18    8705659    8832776      1       1  100       1.3167     0.093976
55125       18   12991352   13125052      1       1  100     -0.68634      0.75375
753         18   13218729   13652753      2       1  100      -0.3409      0.63341
91768       18   20714528   20840434      1       1  100       1.0515      0.14652
25925       18   22641888   22932214      1       1  100      0.69626      0.24313
6875        18   23806409   23971649      1       1  100      -1.0023       0.8419
284252      18   24034874   24237365      1       1  100     -0.56974      0.71557
51444       18   29671818   29711524      1       1  100    -0.033847       0.5135
64762       18   29843484   30050447      1       1  100      -1.0898       0.8621
1837        18   32073254   32471808      1       1  100      0.12241      0.45129
55197       18   33569787   33647538      1       1  100     0.021728      0.49133
57536       18   34409069   34812095      1       1  100      0.81786      0.20672
56853       18   34823003   35146000      1       1  100       1.2466      0.10628
6014        18   40323183   40695676      1       1  100     -0.14419      0.55733
57724       18   43427574   43547305      2       1  100       1.3646     0.086188
147339      18   43753519   43846955      1       1  100      -0.2717      0.60707
83473       18   44497565   44628614      1       1  100      0.26956      0.39375
201501      18   45553043   45935793      1       1  100     -0.14539       0.5578
9811        18   46065427   46389588      1       1  100      -1.6253      0.94795
220136      18   47753563   47792865      1       1  100      -2.8066       0.9975
5596        18   48086484   48258196      1       1  100     -0.41426      0.66066
5874        18   52385097   52562747      1       1  100      0.20336      0.41943
23335       18   54318590   54697036      1       1  100     0.035091        0.486
23327       18   55711580   56068772      1       1  100       1.7933     0.036462
115701      18   56148479   56296189      1       1  100      0.26257      0.39644
23556       18   59711457   59854289      1       1  100      0.34252      0.36598
596         18   60790579   60987011      1       1  100      0.99159       0.1607
10666       18   67530192   67624412      1       1  100      -0.1631      0.56478
55628       18   72265106   72777628      1       1  100       1.0254      0.15258
148229      19    1782074    1812275      1       1  100      0.58722      0.27853
8943        19    2100987    2151556      1       1  100      0.38553      0.34992
2788        19    2511218    2702746      1       1  100      0.28752      0.38686
27231       19    3933101    3942414      1       1  100      -0.3987      0.65494
55702       19    4247111    4269085      1       1  100       1.4256     0.076992
9361        19    5691845    5720463      1       1  100     -0.54179      0.70602
718         19    6677846    6720662      1       1  100     -0.22254      0.58805
7409        19    6772679    6857377      1       1  100     0.084914      0.46616
3643        19    7112266    7294011      2       1  100       1.4884     0.068328
51257       19    8478187    8503901      1       1  100      0.73337      0.23166
1786        19   10244021   10305783      1       1  100        1.844     0.032594
65095       19   10663761   10676702      1       1  100       1.1886      0.11731
55621       19   13215714   13227573      1       1  100      0.53627      0.29588
9524        19   14640379   14676792      1       1  100      -1.7575      0.96059
84658       19   14730051   14785730      1       1  100      0.33078      0.37041
9441        19   16685718   16739015      1       1  100      0.13717      0.44545
284434      19   16830787   16928774      2       1  100     -0.13965      0.55553
83483       19   17462264   17488137      1       1  100     -0.49714      0.69045
84807       19   36378854   36393205      1       1  100       2.6154    0.0044561
92283       19   37128283   37157740      1       1  100       1.7485     0.040192
23094       19   38397525   38699009      1       1  100      0.19694      0.42194
284325      19   41246761   41256533      1       1  100        1.026      0.15244
56848       19   49122548   49133974      1       1  100     -0.22065      0.58732
28968       19   49792889   49828521      1       1  100      0.65259      0.25701
55655       19   55476652   55512510      1       1  100     -0.54109      0.70578
126204      19   56403058   56443702      1       1  100       1.0871       0.1385
342945      19   58838385   58853712      1       1  100      -2.5433      0.99451
51378       20     852763     896977      1       1  100       1.1876      0.11749
23627       20    4702556    4709106      1       1  100      0.14884      0.44084
9770        20    4760669    4804291      1       1  100      0.44823      0.32699
56261       20    5525080    5591672      2       1  100      -1.9671      0.97542
23236       20    8112912    8865547      1       1  100      -1.0532      0.85388
128710      20   10415951   10604551      1       1  100     -0.08574      0.53416
55617       20   13370036   13619583      1       1  100     -0.53339      0.70312
140733      20   13976146   16033842      5       3  100      0.43419      0.33207
55614       20   16252742   16554079      2       1  100      -1.3007      0.90332
57419       20   19193290   19703541      1       1  100      -1.4842      0.93112
51340       20   20015005   20036690      1       1  100        1.139      0.12734
79953       20   24449835   24647253      2       1  100     -0.53598      0.70402
245932      20   29964966   29978452      1       1  100     0.041339      0.48351
23509       20   30795625   30826467      1       1  100       1.3438     0.089502
23054       20   33302578   33413433      1       1  100      0.42994      0.33362
140699      20   35729629   35807974      1       1  100      -1.3454      0.91075
11122       20   40701392   41818557      1       1  100      -2.1744      0.98516
64405       20   44802372   44937137      1       1  100     0.029092       0.4884
5770        20   49126858   49201299      1       1  100      -1.1253      0.86977
55653       20   49411467   49493714      1       1  100      0.37673      0.35319
3755        20   49620193   49639675      1       1  100       1.8024      0.03574
4773        20   50003494   50179370      1       1  100     0.074558      0.47028
10079       20   50213314   50384908      1       1  100       1.6829     0.046201
128553      20   51588946   52111869      1       1  100       2.5243    0.0057971
55816       20   53092266   53267710      1       1  100      0.10303      0.45897
116154      20   58152564   58422766      1       1  100     -0.85185      0.80285
10388       20   58438612   58508704      1       1  100       1.0012      0.15836
28231       20   61273795   61317137      1       1  100       1.2126      0.11265
29761       21   17102327   17252377      1       1  100     -0.62096      0.73269
5651        21   19641433   19775970      1       1  100     -0.14867      0.55909
4685        21   22370633   22913892      2       1  100       -1.543      0.93859
10069       21   30378080   30391685      1       1  100     -0.27155      0.60702
8867        21   33997269   34100351      1       1  100      0.86938      0.19232
861         21   36160098   36421595      1       1  100      0.45222      0.32556
9980        21   37529080   37666572      1       1  100       2.1287     0.016642
6493        21   38071991   38122510      1       1  100     -0.24271      0.59589
3141        21   38123189   38362545      1       1  100      0.77366      0.21957
7267        21   38445554   38575408      1       1  100     -0.13503      0.55371
1859        21   38739859   38887679      1       1  100     -0.27761      0.60934
2078        21   39739183   40033704      1       1  100      0.47483      0.31745
54014       21   40556102   40685745      1       1  100      0.89653      0.18499
150084      21   41117334   41174023      1       1  100        1.362     0.086603
1826        21   41384343   42219039      2       1  100     0.033113      0.48679
754         21   46269500   46294487      1       1  100      -0.2149      0.58508
57553       22   18270415   18507325      4       2  100      -1.0642      0.85638
7353        22   19437464   19466818      1       1  100     -0.97616      0.83551
7332        22   21903736   21978323      1       1  100      -2.4984      0.99376
3535        22   22380474   23265085      1       1  100      0.16153      0.43584
613         22   23522402   23660224      1       1  100      0.23697      0.40634
23523       22   24407642   24574596      1       1  100      -1.5615       0.9408
2678        22   24979629   25024972      1       1  100       0.3001      0.38205
129049      22   25202136   25322813      1       1  100       1.6433     0.050157
157         22   25960861   26125259      1       1  100       2.3257     0.010016
84700       22   26138117   26453345      2       1  100      0.31917       0.3748
23331       22   28374002   29075853      1       1  100      0.66185      0.25404
8897        22   30279149   30426857      1       1  100     -0.61548      0.73088
83874       22   30687979   30722955      1       1  100      0.13202      0.44749
23762       22   31089769   31303811      1       1  100      -1.0252      0.84737
56478       22   31835345   31885936      1       1  100      0.52011      0.30149
9814        22   31892125   32014537      2       1  100      0.40126      0.34411
8224        22   32908539   33454377      1       1  100      0.44767       0.3272
9215        22   33668509   34316464      3       2  100      0.09516      0.46209
164656      22   37461476   37499693      1       1  100      0.12241      0.45129
129138      22   38226862   38240353      1       1  100     -0.19223      0.57622
8398        22   38507502   38577857      1       1  100     -0.44378       0.6714
10454       22   39795759   39833132      1       1  100       1.7029     0.044294
57591       22   40806292   41032690      1       1  100     -0.21547       0.5853
9978        22   41347351   41369019      1       1  100       1.4724     0.070462
150365      22   42095518   42195459      1       1  100      0.55001      0.29116
29780       22   44395091   44565113      1       1  100        0.589      0.27793
112885      22   45277042   45405809      1       1  100      -2.2658      0.98827
23313       22   45588123   45636650      1       1  100     -0.37175      0.64496
25771       22   47158514   47571342      1       1  100      -1.6341      0.94888
