Welcome to MAGMA v1.08 (linux)
Using flags:
	--annotate window=0,0
	--snp-loc plink_out.bim
	--gene-loc NCBI37.3.gene.loc
	--out magma_out

Start time is 10:30:36, Tuesday 06 Oct 2020

Starting annotation...
Reading gene locations from file NCBI37.3.gene.loc... 
	19427 gene locations read from file
	chromosome  1: 2016 genes
	chromosome  2: 1226 genes
	chromosome  3: 1050 genes
	chromosome  4: 745 genes
	chromosome  5: 856 genes
	chromosome  6: 1016 genes
	chromosome  7: 906 genes
	chromosome  8: 669 genes
	chromosome  9: 775 genes
	chromosome 10: 723 genes
	chromosome 11: 1275 genes
	chromosome 12: 1009 genes
	chromosome 13: 320 genes
	chromosome 14: 595 genes
	chromosome 15: 586 genes
	chromosome 16: 817 genes
	chromosome 17: 1147 genes
	chromosome 18: 271 genes
	chromosome 19: 1389 genes
	chromosome 20: 527 genes
	chromosome 21: 215 genes
	chromosome 22: 442 genes
	chromosome  X: 805 genes
	chromosome  Y: 47 genes
Reading SNP locations from file plink_out.bim... 
	3098 SNP locations read from file
	of those, 1344 (43.38%) mapped to at least one gene
Writing annotation to file magma_out.genes.annot
	for chromosome  1, 1927 genes are empty (out of 2016)
	for chromosome  2, 1130 genes are empty (out of 1226)
	for chromosome  3, 955 genes are empty (out of 1050)
	for chromosome  4, 684 genes are empty (out of 745)
	for chromosome  5, 786 genes are empty (out of 856)
	for chromosome  6, 942 genes are empty (out of 1016)
	for chromosome  7, 847 genes are empty (out of 906)
	for chromosome  8, 610 genes are empty (out of 669)
	for chromosome  9, 711 genes are empty (out of 775)
	for chromosome 10, 672 genes are empty (out of 723)
	for chromosome 11, 1223 genes are empty (out of 1275)
	for chromosome 12, 956 genes are empty (out of 1009)
	for chromosome 13, 287 genes are empty (out of 320)
	for chromosome 14, 560 genes are empty (out of 595)
	for chromosome 15, 549 genes are empty (out of 586)
	for chromosome 16, 782 genes are empty (out of 817)
	for chromosome 17, 1110 genes are empty (out of 1147)
	for chromosome 18, 239 genes are empty (out of 271)
	for chromosome 19, 1362 genes are empty (out of 1389)
	for chromosome 20, 499 genes are empty (out of 527)
	for chromosome 21, 199 genes are empty (out of 215)
	for chromosome 22, 413 genes are empty (out of 442)
	for chromosome  X, 776 genes are empty (out of 805)
	for chromosome  Y, 47 genes are empty (out of 47)
	at least one SNP mapped to each of a total of 1161 genes (out of 19427)


End time is 10:30:36, Tuesday 06 Oct 2020 (elapsed: 00:00:00)
