Welcome to MAGMA v1.08 (linux)
Using flags:
	--bfile plink_file
	--gene-settings snp-min-maf=0 snp-min-mac=0 snp-max-miss=0.05 snp-diff=0.000001
	--gene-model snp-wise=mean
	--gene-annot magma_out.genes.annot
	--out magma_out

Start time is 10:30:37, Tuesday 06 Oct 2020

Loading PLINK-format data...
Reading file plink_file.fam... 100 individuals read
	phenotype is binary, values of -9 and 0 will be considered missing values
Reading file plink_file.bim... 3098 SNPs read
Preparing file plink_file.bed... 

Filtering phenotype/covariate missing values... 100 individuals remaining
Loading gene annotation from file magma_out.genes.annot... 
	1161 gene definitions read from file
	found 1161 genes containing valid SNPs in genotype data


Starting gene analysis... 
	using model: SNPwise-mean
	aggregating rare variants into automatic burden score per gene (for SNPs with both MAF <= 0.01 and MAC <= 100)
	WARNING: analysis failed for gene 2720; gene contains no valid SNPs after internal QC
	WARNING: analysis failed for gene 643853; gene contains no valid SNPs after internal QC
	WARNING: analysis failed for gene 11167; gene contains no valid SNPs after internal QC
	WARNING: analysis failed for gene 10644; gene contains no valid SNPs after internal QC
	WARNING: analysis failed for gene 4925; gene contains no valid SNPs after internal QC
	WARNING: an error occurred when loading model for chromosome X:
		all covariates have a variance of zero
	WARNING: skipping all chromosome X genes
	writing gene analysis results to file magma_out.genes.out
	writing intermediate output to file magma_out.genes.raw


End time is 10:30:38, Tuesday 06 Oct 2020 (elapsed: 00:00:01)
